# JRE version: Java(TM) SE Runtime Environment (17.0.12+8) (build 17.0.12+8-LTS-286)
# Java VM: Java HotSpot(TM) 64-Bit Server VM (17.0.12+8-LTS-286, mixed mode, sharing, tiered, compressed oops, compressed class ptrs, g1 gc, windows-amd64)
GC Precious Log:
 CPUs: 8 total, 8 available
 Memory: 7835M
 Large Page Support: Disabled
 NUMA Support: Disabled
 Compressed Oops: Enabled (Zero based)
 Heap Region Size: 4M
 Heap Min Capacity: 8M
 Heap Initial Capacity: 124M
 Heap Max Capacity: 8G
 Pre-touch: Disabled
 Parallel Workers: 8
 Concurrent Workers: 2
 Concurrent Refinement Workers: 8
 Periodic GC: Disabled
Heap:
 garbage-first heap   total 110592K, used 70927K [0x0000000600000000, 0x0000000800000000)
  region size 4096K, 9 young (36864K), 2 survivors (8192K)
 Metaspace       used 54356K, committed 55040K, reserved 1114112K
  class space    used 7680K, committed 8000K, reserved 1048576K
GC Heap History (20 events):
Event: 6.425 GC heap before
{Heap before GC invocations=6 (full 0):
 garbage-first heap   total 110592K, used 82075K [0x0000000600000000, 0x0000000800000000)
  region size 4096K, 15 young (61440K), 1 survivors (4096K)
 Metaspace       used 28403K, committed 28864K, reserved 1114112K
  class space    used 4177K, committed 4416K, reserved 1048576K
}
Event: 6.434 GC heap after
{Heap after GC invocations=7 (full 0):
 garbage-first heap   total 110592K, used 28435K [0x0000000600000000, 0x0000000800000000)
  region size 4096K, 2 young (8192K), 2 survivors (8192K)
 Metaspace       used 28403K, committed 28864K, reserved 1114112K
  class space    used 4177K, committed 4416K, reserved 1048576K
}
Event: 6.572 GC heap before
{Heap before GC invocations=7 (full 0):
 garbage-first heap   total 110592K, used 32531K [0x0000000600000000, 0x0000000800000000)
  region size 4096K, 3 young (12288K), 2 survivors (8192K)
 Metaspace       used 28910K, committed 29376K, reserved 1114112K
  class space    used 4258K, committed 4480K, reserved 1048576K
}
Event: 6.578 GC heap after
{Heap after GC invocations=8 (full 0):
 garbage-first heap   total 110592K, used 29234K [0x0000000600000000, 0x0000000800000000)
  region size 4096K, 1 young (4096K), 1 survivors (4096K)
 Metaspace       used 28910K, committed 29376K, reserved 1114112K
  class space    used 4258K, committed 4480K, reserved 1048576K
}
Event: 7.389 GC heap before
{Heap before GC invocations=8 (full 0):
 garbage-first heap   total 110592K, used 74290K [0x0000000600000000, 0x0000000800000000)
  region size 4096K, 13 young (53248K), 1 survivors (4096K)
 Metaspace       used 34427K, committed 34944K, reserved 1114112K
  class space    used 4818K, committed 5056K, reserved 1048576K
}
Event: 7.396 GC heap after
{Heap after GC invocations=9 (full 0):
 garbage-first heap   total 110592K, used 34016K [0x0000000600000000, 0x0000000800000000)
  region size 4096K, 2 young (8192K), 2 survivors (8192K)
 Metaspace       used 34427K, committed 34944K, reserved 1114112K
  class space    used 4818K, committed 5056K, reserved 1048576K
}
Event: 7.619 GC heap before
{Heap before GC invocations=9 (full 0):
 garbage-first heap   total 110592K, used 42208K [0x0000000600000000, 0x0000000800000000)
  region size 4096K, 5 young (20480K), 2 survivors (8192K)
 Metaspace       used 35632K, committed 36096K, reserved 1114112K
  class space    used 4896K, committed 5120K, reserved 1048576K
}
Event: 7.624 GC heap after
{Heap after GC invocations=10 (full 0):
 garbage-first heap   total 110592K, used 34572K [0x0000000600000000, 0x0000000800000000)
  region size 4096K, 1 young (4096K), 1 survivors (4096K)
 Metaspace       used 35632K, committed 36096K, reserved 1114112K
  class space    used 4896K, committed 5120K, reserved 1048576K
}
Event: 8.040 GC heap before
{Heap before GC invocations=11 (full 0):
 garbage-first heap   total 110592K, used 75532K [0x0000000600000000, 0x0000000800000000)
  region size 4096K, 12 young (49152K), 1 survivors (4096K)
 Metaspace       used 38508K, committed 39104K, reserved 1114112K
  class space    used 5200K, committed 5504K, reserved 1048576K
}
Event: 8.044 GC heap after
{Heap after GC invocations=12 (full 0):
 garbage-first heap   total 110592K, used 35642K [0x0000000600000000, 0x0000000800000000)
  region size 4096K, 1 young (4096K), 1 survivors (4096K)
 Metaspace       used 38508K, committed 39104K, reserved 1114112K
  class space    used 5200K, committed 5504K, reserved 1048576K
}
Event: 8.796 GC heap before
{Heap before GC invocations=12 (full 0):
 garbage-first heap   total 110592K, used 80698K [0x0000000600000000, 0x0000000800000000)
  region size 4096K, 12 young (49152K), 1 survivors (4096K)
 Metaspace       used 42940K, committed 43520K, reserved 1114112K
  class space    used 5912K, committed 6208K, reserved 1048576K
}
Event: 8.800 GC heap after
{Heap after GC invocations=13 (full 0):
 garbage-first heap   total 110592K, used 38110K [0x0000000600000000, 0x0000000800000000)
  region size 4096K, 2 young (8192K), 2 survivors (8192K)
 Metaspace       used 42940K, committed 43520K, reserved 1114112K
  class space    used 5912K, committed 6208K, reserved 1048576K
}
Event: 9.387 GC heap before
{Heap before GC invocations=13 (full 0):
 garbage-first heap   total 110592K, used 83166K [0x0000000600000000, 0x0000000800000000)
  region size 4096K, 13 young (53248K), 2 survivors (8192K)
 Metaspace       used 44677K, committed 45248K, reserved 1114112K
  class space    used 6182K, committed 6464K, reserved 1048576K
}
Event: 9.398 GC heap after
{Heap after GC invocations=14 (full 0):
 garbage-first heap   total 110592K, used 40188K [0x0000000600000000, 0x0000000800000000)
  region size 4096K, 2 young (8192K), 2 survivors (8192K)
 Metaspace       used 44677K, committed 45248K, reserved 1114112K
  class space    used 6182K, committed 6464K, reserved 1048576K
}
Event: 10.629 GC heap before
{Heap before GC invocations=14 (full 0):
 garbage-first heap   total 110592K, used 81148K [0x0000000600000000, 0x0000000800000000)
  region size 4096K, 12 young (49152K), 2 survivors (8192K)
 Metaspace       used 47973K, committed 48576K, reserved 1114112K
  class space    used 6700K, committed 6976K, reserved 1048576K
}
Event: 10.636 GC heap after
{Heap after GC invocations=15 (full 0):
 garbage-first heap   total 110592K, used 41965K [0x0000000600000000, 0x0000000800000000)
  region size 4096K, 1 young (4096K), 1 survivors (4096K)
 Metaspace       used 47973K, committed 48576K, reserved 1114112K
  class space    used 6700K, committed 6976K, reserved 1048576K
}
Event: 12.331 GC heap before
{Heap before GC invocations=15 (full 0):
 garbage-first heap   total 110592K, used 82925K [0x0000000600000000, 0x0000000800000000)
  region size 4096K, 11 young (45056K), 1 survivors (4096K)
 Metaspace       used 50813K, committed 51456K, reserved 1114112K
  class space    used 7132K, committed 7424K, reserved 1048576K
}
Event: 12.343 GC heap after
{Heap after GC invocations=16 (full 0):
 garbage-first heap   total 110592K, used 47200K [0x0000000600000000, 0x0000000800000000)
  region size 4096K, 2 young (8192K), 2 survivors (8192K)
 Metaspace       used 50813K, committed 51456K, reserved 1114112K
  class space    used 7132K, committed 7424K, reserved 1048576K
}
Event: 16.421 GC heap before
{Heap before GC invocations=16 (full 0):
 garbage-first heap   total 110592K, used 84064K [0x0000000600000000, 0x0000000800000000)
  region size 4096K, 11 young (45056K), 2 survivors (8192K)
 Metaspace       used 52287K, committed 52992K, reserved 1114112K
  class space    used 7342K, committed 7680K, reserved 1048576K
}
Event: 16.432 GC heap after
{Heap after GC invocations=17 (full 0):
 garbage-first heap   total 110592K, used 50447K [0x0000000600000000, 0x0000000800000000)
  region size 4096K, 2 young (8192K), 2 survivors (8192K)
 Metaspace       used 52287K, committed 52992K, reserved 1114112K
  class space    used 7342K, committed 7680K, reserved 1048576K
}

