# JRE version: OpenJDK Runtime Environment Temurin-17.0.4.1+1 (17.0.4.1+1) (build 17.0.4.1+1)
# Java VM: OpenJDK 64-Bit Server VM Temurin-17.0.4.1+1 (17.0.4.1+1, mixed mode, tiered, compressed oops, compressed class ptrs, parallel gc, windows-amd64)
GC Precious Log:
 CPUs: 8 total, 8 available
 Memory: 7835M
 Large Page Support: Disabled
 NUMA Support: Disabled
 Compressed Oops: Enabled (32-bit)
 Alignments: Space 512K, Generation 512K, Heap 2M
 Heap Min Capacity: 100M
 Heap Initial Capacity: 100M
 Heap Max Capacity: 1G
 Pre-touch: Disabled
 Parallel Workers: 8
Heap:
 PSYoungGen      total 12800K, used 1177K [0x00000000eab00000, 0x00000000ebb00000, 0x0000000100000000)
  eden space 11776K, 7% used [0x00000000eab00000,0x00000000eabe6560,0x00000000eb680000)
  from space 1024K, 25% used [0x00000000eb900000,0x00000000eb940000,0x00000000eba00000)
  to   space 512K, 0% used [0x00000000eba80000,0x00000000eba80000,0x00000000ebb00000)
 ParOldGen       total 68608K, used 45720K [0x00000000c0000000, 0x00000000c4300000, 0x00000000eab00000)
  object space 68608K, 66% used [0x00000000c0000000,0x00000000c2ca6250,0x00000000c4300000)
 Metaspace       used 61661K, committed 62592K, reserved 1105920K
  class space    used 7583K, committed 8000K, reserved 1048576K
GC Heap History (20 events):
Event: 19.516 GC heap after
{Heap after GC invocations=32 (full 2):
 PSYoungGen      total 12288K, used 486K [0x00000000eab00000, 0x00000000ebb80000, 0x0000000100000000)
  eden space 11776K, 0% used [0x00000000eab00000,0x00000000eab00000,0x00000000eb680000)
  from space 512K, 94% used [0x00000000ebb00000,0x00000000ebb79838,0x00000000ebb80000)
  to   space 1024K, 0% used [0x00000000eb980000,0x00000000eb980000,0x00000000eba80000)
 ParOldGen       total 68608K, used 45994K [0x00000000c0000000, 0x00000000c4300000, 0x00000000eab00000)
  object space 68608K, 67% used [0x00000000c0000000,0x00000000c2ceab88,0x00000000c4300000)
 Metaspace       used 54668K, committed 55552K, reserved 1105920K
  class space    used 6378K, committed 6784K, reserved 1048576K
}
Event: 19.678 GC heap before
{Heap before GC invocations=33 (full 2):
 PSYoungGen      total 12288K, used 12262K [0x00000000eab00000, 0x00000000ebb80000, 0x0000000100000000)
  eden space 11776K, 100% used [0x00000000eab00000,0x00000000eb680000,0x00000000eb680000)
  from space 512K, 94% used [0x00000000ebb00000,0x00000000ebb79838,0x00000000ebb80000)
  to   space 1024K, 0% used [0x00000000eb980000,0x00000000eb980000,0x00000000eba80000)
 ParOldGen       total 68608K, used 45994K [0x00000000c0000000, 0x00000000c4300000, 0x00000000eab00000)
  object space 68608K, 67% used [0x00000000c0000000,0x00000000c2ceab88,0x00000000c4300000)
 Metaspace       used 55525K, committed 56448K, reserved 1105920K
  class space    used 6515K, committed 6912K, reserved 1048576K
}
Event: 19.679 GC heap after
{Heap after GC invocations=33 (full 2):
 PSYoungGen      total 12800K, used 846K [0x00000000eab00000, 0x00000000ebb80000, 0x0000000100000000)
  eden space 11776K, 0% used [0x00000000eab00000,0x00000000eab00000,0x00000000eb680000)
  from space 1024K, 82% used [0x00000000eb980000,0x00000000eba53b68,0x00000000eba80000)
  to   space 1024K, 0% used [0x00000000eba80000,0x00000000eba80000,0x00000000ebb80000)
 ParOldGen       total 68608K, used 46335K [0x00000000c0000000, 0x00000000c4300000, 0x00000000eab00000)
  object space 68608K, 67% used [0x00000000c0000000,0x00000000c2d3fd08,0x00000000c4300000)
 Metaspace       used 55525K, committed 56448K, reserved 1105920K
  class space    used 6515K, committed 6912K, reserved 1048576K
}
Event: 19.809 GC heap before
{Heap before GC invocations=34 (full 2):
 PSYoungGen      total 12800K, used 12622K [0x00000000eab00000, 0x00000000ebb80000, 0x0000000100000000)
  eden space 11776K, 100% used [0x00000000eab00000,0x00000000eb680000,0x00000000eb680000)
  from space 1024K, 82% used [0x00000000eb980000,0x00000000eba53b68,0x00000000eba80000)
  to   space 1024K, 0% used [0x00000000eba80000,0x00000000eba80000,0x00000000ebb80000)
 ParOldGen       total 68608K, used 46335K [0x00000000c0000000, 0x00000000c4300000, 0x00000000eab00000)
  object space 68608K, 67% used [0x00000000c0000000,0x00000000c2d3fd08,0x00000000c4300000)
 Metaspace       used 56362K, committed 57280K, reserved 1105920K
  class space    used 6684K, committed 7104K, reserved 1048576K
}
Event: 19.810 GC heap after
{Heap after GC invocations=34 (full 2):
 PSYoungGen      total 12288K, used 385K [0x00000000eab00000, 0x00000000ebb00000, 0x0000000100000000)
  eden space 11776K, 0% used [0x00000000eab00000,0x00000000eab00000,0x00000000eb680000)
  from space 512K, 75% used [0x00000000eba80000,0x00000000ebae0500,0x00000000ebb00000)
  to   space 1024K, 0% used [0x00000000eb900000,0x00000000eb900000,0x00000000eba00000)
 ParOldGen       total 68608K, used 47119K [0x00000000c0000000, 0x00000000c4300000, 0x00000000eab00000)
  object space 68608K, 68% used [0x00000000c0000000,0x00000000c2e03da8,0x00000000c4300000)
 Metaspace       used 56362K, committed 57280K, reserved 1105920K
  class space    used 6684K, committed 7104K, reserved 1048576K
}
Event: 19.931 GC heap before
{Heap before GC invocations=35 (full 2):
 PSYoungGen      total 12288K, used 12161K [0x00000000eab00000, 0x00000000ebb00000, 0x0000000100000000)
  eden space 11776K, 100% used [0x00000000eab00000,0x00000000eb680000,0x00000000eb680000)
  from space 512K, 75% used [0x00000000eba80000,0x00000000ebae0500,0x00000000ebb00000)
  to   space 1024K, 0% used [0x00000000eb900000,0x00000000eb900000,0x00000000eba00000)
 ParOldGen       total 68608K, used 47119K [0x00000000c0000000, 0x00000000c4300000, 0x00000000eab00000)
  object space 68608K, 68% used [0x00000000c0000000,0x00000000c2e03da8,0x00000000c4300000)
 Metaspace       used 57104K, committed 58048K, reserved 1105920K
  class space    used 6858K, committed 7296K, reserved 1048576K
}
Event: 19.931 GC heap after
{Heap after GC invocations=35 (full 2):
 PSYoungGen      total 12800K, used 224K [0x00000000eab00000, 0x00000000ebb00000, 0x0000000100000000)
  eden space 11776K, 0% used [0x00000000eab00000,0x00000000eab00000,0x00000000eb680000)
  from space 1024K, 21% used [0x00000000eb900000,0x00000000eb938000,0x00000000eba00000)
  to   space 512K, 0% used [0x00000000eba80000,0x00000000eba80000,0x00000000ebb00000)
 ParOldGen       total 68608K, used 47216K [0x00000000c0000000, 0x00000000c4300000, 0x00000000eab00000)
  object space 68608K, 68% used [0x00000000c0000000,0x00000000c2e1c110,0x00000000c4300000)
 Metaspace       used 57104K, committed 58048K, reserved 1105920K
  class space    used 6858K, committed 7296K, reserved 1048576K
}
Event: 20.047 GC heap before
{Heap before GC invocations=36 (full 2):
 PSYoungGen      total 12800K, used 12000K [0x00000000eab00000, 0x00000000ebb00000, 0x0000000100000000)
  eden space 11776K, 100% used [0x00000000eab00000,0x00000000eb680000,0x00000000eb680000)
  from space 1024K, 21% used [0x00000000eb900000,0x00000000eb938000,0x00000000eba00000)
  to   space 512K, 0% used [0x00000000eba80000,0x00000000eba80000,0x00000000ebb00000)
 ParOldGen       total 68608K, used 47216K [0x00000000c0000000, 0x00000000c4300000, 0x00000000eab00000)
  object space 68608K, 68% used [0x00000000c0000000,0x00000000c2e1c110,0x00000000c4300000)
 Metaspace       used 57686K, committed 58624K, reserved 1105920K
  class space    used 6998K, committed 7424K, reserved 1048576K
}
Event: 20.048 GC heap after
{Heap after GC invocations=36 (full 2):
 PSYoungGen      total 12288K, used 443K [0x00000000eab00000, 0x00000000ebb00000, 0x0000000100000000)
  eden space 11776K, 0% used [0x00000000eab00000,0x00000000eab00000,0x00000000eb680000)
  from space 512K, 86% used [0x00000000eba80000,0x00000000ebaeefc0,0x00000000ebb00000)
  to   space 512K, 0% used [0x00000000eba00000,0x00000000eba00000,0x00000000eba80000)
 ParOldGen       total 68608K, used 47328K [0x00000000c0000000, 0x00000000c4300000, 0x00000000eab00000)
  object space 68608K, 68% used [0x00000000c0000000,0x00000000c2e38110,0x00000000c4300000)
 Metaspace       used 57686K, committed 58624K, reserved 1105920K
  class space    used 6998K, committed 7424K, reserved 1048576K
}
Event: 20.185 GC heap before
{Heap before GC invocations=37 (full 2):
 PSYoungGen      total 12288K, used 12219K [0x00000000eab00000, 0x00000000ebb00000, 0x0000000100000000)
  eden space 11776K, 100% used [0x00000000eab00000,0x00000000eb680000,0x00000000eb680000)
  from space 512K, 86% used [0x00000000eba80000,0x00000000ebaeefc0,0x00000000ebb00000)
  to   space 512K, 0% used [0x00000000eba00000,0x00000000eba00000,0x00000000eba80000)
 ParOldGen       total 68608K, used 47328K [0x00000000c0000000, 0x00000000c4300000, 0x00000000eab00000)
  object space 68608K, 68% used [0x00000000c0000000,0x00000000c2e38110,0x00000000c4300000)
 Metaspace       used 58221K, committed 59200K, reserved 1105920K
  class space    used 7116K, committed 7552K, reserved 1048576K
}
Event: 20.185 GC heap after
{Heap after GC invocations=37 (full 2):
 PSYoungGen      total 12288K, used 336K [0x00000000eab00000, 0x00000000ebb00000, 0x0000000100000000)
  eden space 11776K, 0% used [0x00000000eab00000,0x00000000eab00000,0x00000000eb680000)
  from space 512K, 65% used [0x00000000eba00000,0x00000000eba54010,0x00000000eba80000)
  to   space 512K, 0% used [0x00000000eba80000,0x00000000eba80000,0x00000000ebb00000)
 ParOldGen       total 68608K, used 47455K [0x00000000c0000000, 0x00000000c4300000, 0x00000000eab00000)
  object space 68608K, 69% used [0x00000000c0000000,0x00000000c2e57e20,0x00000000c4300000)
 Metaspace       used 58221K, committed 59200K, reserved 1105920K
  class space    used 7116K, committed 7552K, reserved 1048576K
}
Event: 20.345 GC heap before
{Heap before GC invocations=38 (full 2):
 PSYoungGen      total 12288K, used 4867K [0x00000000eab00000, 0x00000000ebb00000, 0x0000000100000000)
  eden space 11776K, 38% used [0x00000000eab00000,0x00000000eaf6cee8,0x00000000eb680000)
  from space 512K, 65% used [0x00000000eba00000,0x00000000eba54010,0x00000000eba80000)
  to   space 512K, 0% used [0x00000000eba80000,0x00000000eba80000,0x00000000ebb00000)
 ParOldGen       total 68608K, used 47455K [0x00000000c0000000, 0x00000000c4300000, 0x00000000eab00000)
  object space 68608K, 69% used [0x00000000c0000000,0x00000000c2e57e20,0x00000000c4300000)
 Metaspace       used 58897K, committed 59776K, reserved 1105920K
  class space    used 7206K, committed 7616K, reserved 1048576K
}
Event: 20.346 GC heap after
{Heap after GC invocations=38 (full 2):
 PSYoungGen      total 12288K, used 288K [0x00000000eab00000, 0x00000000ebb00000, 0x0000000100000000)
  eden space 11776K, 0% used [0x00000000eab00000,0x00000000eab00000,0x00000000eb680000)
  from space 512K, 56% used [0x00000000eba80000,0x00000000ebac8000,0x00000000ebb00000)
  to   space 512K, 0% used [0x00000000eba00000,0x00000000eba00000,0x00000000eba80000)
 ParOldGen       total 68608K, used 47767K [0x00000000c0000000, 0x00000000c4300000, 0x00000000eab00000)
  object space 68608K, 69% used [0x00000000c0000000,0x00000000c2ea5e40,0x00000000c4300000)
 Metaspace       used 58897K, committed 59776K, reserved 1105920K
  class space    used 7206K, committed 7616K, reserved 1048576K
}
Event: 20.346 GC heap before
{Heap before GC invocations=39 (full 3):
 PSYoungGen      total 12288K, used 288K [0x00000000eab00000, 0x00000000ebb00000, 0x0000000100000000)
  eden space 11776K, 0% used [0x00000000eab00000,0x00000000eab00000,0x00000000eb680000)
  from space 512K, 56% used [0x00000000eba80000,0x00000000ebac8000,0x00000000ebb00000)
  to   space 512K, 0% used [0x00000000eba00000,0x00000000eba00000,0x00000000eba80000)
 ParOldGen       total 68608K, used 47767K [0x00000000c0000000, 0x00000000c4300000, 0x00000000eab00000)
  object space 68608K, 69% used [0x00000000c0000000,0x00000000c2ea5e40,0x00000000c4300000)
 Metaspace       used 58897K, committed 59776K, reserved 1105920K
  class space    used 7206K, committed 7616K, reserved 1048576K
}
Event: 20.405 GC heap after
{Heap after GC invocations=39 (full 3):
 PSYoungGen      total 12288K, used 0K [0x00000000eab00000, 0x00000000ebb00000, 0x0000000100000000)
  eden space 11776K, 0% used [0x00000000eab00000,0x00000000eab00000,0x00000000eb680000)
  from space 512K, 0% used [0x00000000eba80000,0x00000000eba80000,0x00000000ebb00000)
  to   space 512K, 0% used [0x00000000eba00000,0x00000000eba00000,0x00000000eba80000)
 ParOldGen       total 68608K, used 44885K [0x00000000c0000000, 0x00000000c4300000, 0x00000000eab00000)
  object space 68608K, 65% used [0x00000000c0000000,0x00000000c2bd5690,0x00000000c4300000)
 Metaspace       used 58897K, committed 59776K, reserved 1105920K
  class space    used 7206K, committed 7616K, reserved 1048576K
}
Event: 20.537 GC heap before
{Heap before GC invocations=40 (full 3):
 PSYoungGen      total 12288K, used 11776K [0x00000000eab00000, 0x00000000ebb00000, 0x0000000100000000)
  eden space 11776K, 100% used [0x00000000eab00000,0x00000000eb680000,0x00000000eb680000)
  from space 512K, 0% used [0x00000000eba80000,0x00000000eba80000,0x00000000ebb00000)
  to   space 512K, 0% used [0x00000000eba00000,0x00000000eba00000,0x00000000eba80000)
 ParOldGen       total 68608K, used 44885K [0x00000000c0000000, 0x00000000c4300000, 0x00000000eab00000)
  object space 68608K, 65% used [0x00000000c0000000,0x00000000c2bd5690,0x00000000c4300000)
 Metaspace       used 60141K, committed 61056K, reserved 1105920K
  class space    used 7409K, committed 7808K, reserved 1048576K
}
Event: 20.538 GC heap after
{Heap after GC invocations=40 (full 3):
 PSYoungGen      total 12288K, used 416K [0x00000000eab00000, 0x00000000ebb00000, 0x0000000100000000)
  eden space 11776K, 0% used [0x00000000eab00000,0x00000000eab00000,0x00000000eb680000)
  from space 512K, 81% used [0x00000000eba00000,0x00000000eba68000,0x00000000eba80000)
  to   space 512K, 0% used [0x00000000eba80000,0x00000000eba80000,0x00000000ebb00000)
 ParOldGen       total 68608K, used 44885K [0x00000000c0000000, 0x00000000c4300000, 0x00000000eab00000)
  object space 68608K, 65% used [0x00000000c0000000,0x00000000c2bd5690,0x00000000c4300000)
 Metaspace       used 60141K, committed 61056K, reserved 1105920K
  class space    used 7409K, committed 7808K, reserved 1048576K
}
Event: 23.961 GC heap before
{Heap before GC invocations=41 (full 3):
 PSYoungGen      total 12288K, used 12192K [0x00000000eab00000, 0x00000000ebb00000, 0x0000000100000000)
  eden space 11776K, 100% used [0x00000000eab00000,0x00000000eb680000,0x00000000eb680000)
  from space 512K, 81% used [0x00000000eba00000,0x00000000eba68000,0x00000000eba80000)
  to   space 512K, 0% used [0x00000000eba80000,0x00000000eba80000,0x00000000ebb00000)
 ParOldGen       total 68608K, used 44885K [0x00000000c0000000, 0x00000000c4300000, 0x00000000eab00000)
  object space 68608K, 65% used [0x00000000c0000000,0x00000000c2bd5690,0x00000000c4300000)
 Metaspace       used 61300K, committed 62208K, reserved 1105920K
  class space    used 7564K, committed 8000K, reserved 1048576K
}
Event: 23.962 GC heap after
{Heap after GC invocations=41 (full 3):
 PSYoungGen      total 12288K, used 480K [0x00000000eab00000, 0x00000000ebb00000, 0x0000000100000000)
  eden space 11776K, 0% used [0x00000000eab00000,0x00000000eab00000,0x00000000eb680000)
  from space 512K, 93% used [0x00000000eba80000,0x00000000ebaf8010,0x00000000ebb00000)
  to   space 1024K, 0% used [0x00000000eb900000,0x00000000eb900000,0x00000000eba00000)
 ParOldGen       total 68608K, used 45240K [0x00000000c0000000, 0x00000000c4300000, 0x00000000eab00000)
  object space 68608K, 65% used [0x00000000c0000000,0x00000000c2c2e220,0x00000000c4300000)
 Metaspace       used 61300K, committed 62208K, reserved 1105920K
  class space    used 7564K, committed 8000K, reserved 1048576K
}
Event: 33.711 GC heap before
{Heap before GC invocations=42 (full 3):
 PSYoungGen      total 12288K, used 12256K [0x00000000eab00000, 0x00000000ebb00000, 0x0000000100000000)
  eden space 11776K, 100% used [0x00000000eab00000,0x00000000eb680000,0x00000000eb680000)
  from space 512K, 93% used [0x00000000eba80000,0x00000000ebaf8010,0x00000000ebb00000)
  to   space 1024K, 0% used [0x00000000eb900000,0x00000000eb900000,0x00000000eba00000)
 ParOldGen       total 68608K, used 45240K [0x00000000c0000000, 0x00000000c4300000, 0x00000000eab00000)
  object space 68608K, 65% used [0x00000000c0000000,0x00000000c2c2e220,0x00000000c4300000)
 Metaspace       used 61661K, committed 62592K, reserved 1105920K
  class space    used 7583K, committed 8000K, reserved 1048576K
}

